<?xml version="1.0" encoding="UTF-8"?>
<!-- Generated by org.testng.reporters.JUnitReportReporter -->
<testsuite hostname="Ambrishs-Air" failures="0" tests="4" name="com.payment.qa.testcases.NetBankingPageTest" time="47.792" errors="0" timestamp="2021-06-02T09:43:38 IST" skipped="0">
  <testcase classname="com.payment.qa.testcases.NetBankingPageTest" name="CustomerInformationTitleTest" time="10.901"/>
  <system-out/>
  <testcase classname="com.payment.qa.testcases.NetBankingPageTest" name="CustomerInformationLogoTest" time="8.006"/>
  <system-out/>
  <testcase classname="com.payment.qa.testcases.NetBankingPageTest" name="VerifyProceedBtnTest" time="6.357"/>
  <system-out/>
  <testcase classname="com.payment.qa.testcases.NetBankingPageTest" name="SelectBankTest" time="22.528"/>
  <system-out/>
</testsuite> <!-- com.payment.qa.testcases.NetBankingPageTest -->
