<?xml version="1.0" encoding="UTF-8"?>
<!-- Generated by org.testng.reporters.JUnitReportReporter -->
<testsuite hostname="Ambrishs-Air" failures="0" tests="3" name="com.payment.qa.testcases.UpiPageTest" time="18.391" errors="0" timestamp="2021-05-28T15:41:40 IST" skipped="0">
  <testcase classname="com.payment.qa.testcases.UpiPageTest" name="VerifyUPIOptionSelectedTest" time="5.977"/>
  <system-out/>
  <testcase classname="com.payment.qa.testcases.UpiPageTest" name="VerifyUPIFieldAvailableTest" time="5.215"/>
  <system-out/>
  <testcase classname="com.payment.qa.testcases.UpiPageTest" name="verifyPayButtonTest" time="7.199"/>
  <system-out/>
</testsuite> <!-- com.payment.qa.testcases.UpiPageTest -->
