<?xml version="1.0" encoding="UTF-8"?>
<!-- Generated by org.testng.reporters.JUnitReportReporter -->
<testsuite hostname="Ambrishs-Air" failures="0" tests="3" name="com.payment.qa.testcases.UpiPageTest" time="21.243" errors="0" timestamp="2021-06-02T09:43:38 IST" skipped="0">
  <testcase classname="com.payment.qa.testcases.UpiPageTest" name="VerifyUPIOptionSelectedTest" time="6.800"/>
  <system-out/>
  <testcase classname="com.payment.qa.testcases.UpiPageTest" name="VerifyUPIFieldAvailableTest" time="6.343"/>
  <system-out/>
  <testcase classname="com.payment.qa.testcases.UpiPageTest" name="verifyPayButtonTest" time="8.100"/>
  <system-out/>
</testsuite> <!-- com.payment.qa.testcases.UpiPageTest -->
