<?xml version="1.0" encoding="UTF-8"?>
<!-- Generated by org.testng.reporters.JUnitReportReporter -->
<testsuite hostname="Ambrishs-Air" failures="0" tests="10" name="com.payment.qa.testcases.PaymentDetailsPageTest" time="68.715" errors="0" timestamp="2021-05-28T15:41:40 IST" skipped="0">
  <testcase classname="com.payment.qa.testcases.PaymentDetailsPageTest" name="VerifyPaymentOptionIsSelected" time="7.307"/>
  <system-out/>
  <testcase classname="com.payment.qa.testcases.PaymentDetailsPageTest" name="SelectPaymentMethod" time="8.742"/>
  <system-out/>
  <testcase classname="com.payment.qa.testcases.PaymentDetailsPageTest" name="VerifyCardOptionSelected" time="5.119"/>
  <system-out/>
  <testcase classname="com.payment.qa.testcases.PaymentDetailsPageTest" name="verifyCardNumberFieldPresent" time="5.575"/>
  <system-out/>
  <testcase classname="com.payment.qa.testcases.PaymentDetailsPageTest" name="VerifyNameOnCardFieldTest" time="8.292"/>
  <system-out/>
  <testcase classname="com.payment.qa.testcases.PaymentDetailsPageTest" name="VerifyCVVFieldTest" time="7.565"/>
  <system-out/>
  <testcase classname="com.payment.qa.testcases.PaymentDetailsPageTest" name="VerifyMonthSelectListTest" time="6.163"/>
  <system-out/>
  <testcase classname="com.payment.qa.testcases.PaymentDetailsPageTest" name="VerifyYearSelectListTest" time="5.386"/>
  <system-out/>
  <testcase classname="com.payment.qa.testcases.PaymentDetailsPageTest" name="VerifyPaymentButtonTest" time="5.165"/>
  <system-out/>
  <testcase classname="com.payment.qa.testcases.PaymentDetailsPageTest" name="CreateTransactionData" time="9.401"/>
  <system-out/>
</testsuite> <!-- com.payment.qa.testcases.PaymentDetailsPageTest -->
