<?xml version="1.0" encoding="UTF-8"?>
<!-- Generated by org.testng.reporters.JUnitReportReporter -->
<testsuite hostname="Ambrishs-Air" failures="0" tests="6" name="com.payment.qa.testcases.CustomerInformationPageTest" time="41.674" errors="0" timestamp="2021-05-28T15:41:40 IST" skipped="0">
  <testcase classname="com.payment.qa.testcases.CustomerInformationPageTest" name="CustomerInformationTitleTest" time="5.968"/>
  <system-out/>
  <testcase classname="com.payment.qa.testcases.CustomerInformationPageTest" name="CustomerInformationLogoTest" time="5.214"/>
  <system-out/>
  <testcase classname="com.payment.qa.testcases.CustomerInformationPageTest" name="CustomerInformationStoreNameTest" time="10.263"/>
  <system-out/>
  <testcase classname="com.payment.qa.testcases.CustomerInformationPageTest" name="CreateNewData" time="5.972"/>
  <system-out/>
  <testcase classname="com.payment.qa.testcases.CustomerInformationPageTest" name="CreateNewData" time="6.040"/>
  <system-out/>
  <testcase classname="com.payment.qa.testcases.CustomerInformationPageTest" name="CreateNewData" time="8.217"/>
  <system-out/>
</testsuite> <!-- com.payment.qa.testcases.CustomerInformationPageTest -->
