<?xml version="1.0" encoding="UTF-8"?>
<!-- Generated by org.testng.reporters.JUnitReportReporter -->
<testsuite hostname="Ambrishs-Air" failures="0" tests="6" name="com.payment.qa.testcases.CustomerInformationPageTest" time="56.120" errors="0" timestamp="2021-06-02T09:43:38 IST" skipped="0">
  <testcase classname="com.payment.qa.testcases.CustomerInformationPageTest" name="CustomerInformationTitleTest" time="15.950"/>
  <system-out/>
  <testcase classname="com.payment.qa.testcases.CustomerInformationPageTest" name="CustomerInformationLogoTest" time="5.600"/>
  <system-out/>
  <testcase classname="com.payment.qa.testcases.CustomerInformationPageTest" name="CustomerInformationStoreNameTest" time="6.775"/>
  <system-out/>
  <testcase classname="com.payment.qa.testcases.CustomerInformationPageTest" name="CreateNewData" time="9.540"/>
  <system-out/>
  <testcase classname="com.payment.qa.testcases.CustomerInformationPageTest" name="CreateNewData" time="9.287"/>
  <system-out/>
  <testcase classname="com.payment.qa.testcases.CustomerInformationPageTest" name="CreateNewData" time="8.968"/>
  <system-out/>
</testsuite> <!-- com.payment.qa.testcases.CustomerInformationPageTest -->
