<?xml version="1.0" encoding="UTF-8"?>
<!-- Generated by org.testng.reporters.JUnitReportReporter -->
<testsuite hostname="Ambrishs-Air" failures="0" tests="6" name="com.payment.qa.testcases.CouponCodePageTest" time="39.741" errors="0" timestamp="2021-05-28T15:41:40 IST" skipped="0">
  <testcase classname="com.payment.qa.testcases.CouponCodePageTest" name="VerifyTitleOnCouponPageTest" time="7.059"/>
  <system-out/>
  <testcase classname="com.payment.qa.testcases.CouponCodePageTest" name="CustomerInformationStoreNameTest" time="5.207"/>
  <system-out/>
  <testcase classname="com.payment.qa.testcases.CouponCodePageTest" name="VerifyCouponCodeLabelTest" time="5.537"/>
  <system-out/>
  <testcase classname="com.payment.qa.testcases.CouponCodePageTest" name="VerifyCouponCodeFieldTest" time="8.288"/>
  <system-out/>
  <testcase classname="com.payment.qa.testcases.CouponCodePageTest" name="VerifyApplyButtonTest" time="5.125"/>
  <system-out/>
  <testcase classname="com.payment.qa.testcases.CouponCodePageTest" name="VerifyApplyOfferButton" time="8.525"/>
  <system-out/>
</testsuite> <!-- com.payment.qa.testcases.CouponCodePageTest -->
