<?xml version="1.0" encoding="UTF-8"?>
<!-- Generated by org.testng.reporters.JUnitReportReporter -->
<testsuite hostname="Ambrishs-Air" failures="0" tests="6" name="com.payment.qa.testcases.CouponCodePageTest" time="32.288" errors="0" timestamp="2021-05-29T09:58:54 IST" skipped="0">
  <testcase classname="com.payment.qa.testcases.CouponCodePageTest" name="VerifyTitleOnCouponPageTest" time="4.790"/>
  <system-out/>
  <testcase classname="com.payment.qa.testcases.CouponCodePageTest" name="CustomerInformationStoreNameTest" time="5.102"/>
  <system-out/>
  <testcase classname="com.payment.qa.testcases.CouponCodePageTest" name="VerifyCouponCodeLabelTest" time="7.863"/>
  <system-out/>
  <testcase classname="com.payment.qa.testcases.CouponCodePageTest" name="VerifyCouponCodeFieldTest" time="4.967"/>
  <system-out/>
  <testcase classname="com.payment.qa.testcases.CouponCodePageTest" name="VerifyApplyButtonTest" time="4.958"/>
  <system-out/>
  <testcase classname="com.payment.qa.testcases.CouponCodePageTest" name="VerifyApplyOfferButton" time="4.608"/>
  <system-out/>
</testsuite> <!-- com.payment.qa.testcases.CouponCodePageTest -->
