<?xml version="1.0" encoding="UTF-8"?>
<!-- Generated by org.testng.reporters.JUnitReportReporter -->
<testsuite hostname="Ambrishs-Air" failures="0" tests="10" name="com.payment.qa.testcases.PaymentDetailsPageTest" time="63.530" errors="0" timestamp="2021-05-29T09:58:54 IST" skipped="0">
  <testcase classname="com.payment.qa.testcases.PaymentDetailsPageTest" name="VerifyPaymentOptionIsSelected" time="5.287"/>
  <system-out/>
  <testcase classname="com.payment.qa.testcases.PaymentDetailsPageTest" name="SelectPaymentMethod" time="7.103"/>
  <system-out/>
  <testcase classname="com.payment.qa.testcases.PaymentDetailsPageTest" name="VerifyCardOptionSelected" time="4.765"/>
  <system-out/>
  <testcase classname="com.payment.qa.testcases.PaymentDetailsPageTest" name="verifyCardNumberFieldPresent" time="4.692"/>
  <system-out/>
  <testcase classname="com.payment.qa.testcases.PaymentDetailsPageTest" name="VerifyNameOnCardFieldTest" time="5.199"/>
  <system-out/>
  <testcase classname="com.payment.qa.testcases.PaymentDetailsPageTest" name="VerifyCVVFieldTest" time="5.102"/>
  <system-out/>
  <testcase classname="com.payment.qa.testcases.PaymentDetailsPageTest" name="VerifyMonthSelectListTest" time="14.125"/>
  <system-out/>
  <testcase classname="com.payment.qa.testcases.PaymentDetailsPageTest" name="VerifyYearSelectListTest" time="4.779"/>
  <system-out/>
  <testcase classname="com.payment.qa.testcases.PaymentDetailsPageTest" name="VerifyPaymentButtonTest" time="4.978"/>
  <system-out/>
  <testcase classname="com.payment.qa.testcases.PaymentDetailsPageTest" name="CreateTransactionData" time="7.500"/>
  <system-out/>
</testsuite> <!-- com.payment.qa.testcases.PaymentDetailsPageTest -->
