<?xml version="1.0" encoding="UTF-8"?>
<!-- Generated by org.testng.reporters.JUnitReportReporter -->
<testsuite hostname="Ambrishs-Air" failures="0" tests="4" name="com.payment.qa.testcases.NetBankingPageTest" time="39.165" errors="0" timestamp="2021-05-29T09:58:54 IST" skipped="0">
  <testcase classname="com.payment.qa.testcases.NetBankingPageTest" name="CustomerInformationTitleTest" time="5.198"/>
  <system-out/>
  <testcase classname="com.payment.qa.testcases.NetBankingPageTest" name="CustomerInformationLogoTest" time="11.365"/>
  <system-out/>
  <testcase classname="com.payment.qa.testcases.NetBankingPageTest" name="VerifyProceedBtnTest" time="6.386"/>
  <system-out/>
  <testcase classname="com.payment.qa.testcases.NetBankingPageTest" name="SelectBankTest" time="16.216"/>
  <system-out/>
</testsuite> <!-- com.payment.qa.testcases.NetBankingPageTest -->
