<?xml version="1.0" encoding="UTF-8"?>
<!-- Generated by org.testng.reporters.JUnitReportReporter -->
<testsuite hostname="Ambrishs-Air" failures="0" tests="3" name="com.payment.qa.testcases.UpiPageTest" time="16.417" errors="0" timestamp="2021-05-29T09:58:54 IST" skipped="0">
  <testcase classname="com.payment.qa.testcases.UpiPageTest" name="VerifyUPIOptionSelectedTest" time="4.861"/>
  <system-out/>
  <testcase classname="com.payment.qa.testcases.UpiPageTest" name="VerifyUPIFieldAvailableTest" time="5.012"/>
  <system-out/>
  <testcase classname="com.payment.qa.testcases.UpiPageTest" name="verifyPayButtonTest" time="6.544"/>
  <system-out/>
</testsuite> <!-- com.payment.qa.testcases.UpiPageTest -->
