<?xml version="1.0" encoding="UTF-8"?>
<!-- Generated by org.testng.reporters.JUnitReportReporter -->
<testsuite hostname="Ambrishs-Air" failures="0" tests="6" name="com.payment.qa.testcases.CustomerInformationPageTest" time="27.468" errors="0" timestamp="2021-05-29T09:58:54 IST" skipped="0">
  <testcase classname="com.payment.qa.testcases.CustomerInformationPageTest" name="CustomerInformationTitleTest" time="4.031"/>
  <system-out/>
  <testcase classname="com.payment.qa.testcases.CustomerInformationPageTest" name="CustomerInformationLogoTest" time="4.281"/>
  <system-out/>
  <testcase classname="com.payment.qa.testcases.CustomerInformationPageTest" name="CustomerInformationStoreNameTest" time="4.186"/>
  <system-out/>
  <testcase classname="com.payment.qa.testcases.CustomerInformationPageTest" name="CreateNewData" time="4.653"/>
  <system-out/>
  <testcase classname="com.payment.qa.testcases.CustomerInformationPageTest" name="CreateNewData" time="5.149"/>
  <system-out/>
  <testcase classname="com.payment.qa.testcases.CustomerInformationPageTest" name="CreateNewData" time="5.168"/>
  <system-out/>
</testsuite> <!-- com.payment.qa.testcases.CustomerInformationPageTest -->
